<?xml version="1.0" encoding="UTF-8"?>
<!-- Generated by org.testng.reporters.JUnitReportReporter -->
<testsuite hostname="DESKTOP-PJEJOHF" failures="0" tests="1" name="SeleniumTest" time="3.566" errors="0" timestamp="2024-07-05T10:14:03 BRT" skipped="0">
  <testcase classname="SeleniumTest" name="Setup" time="3.566"/>
</testsuite> <!-- SeleniumTest -->
